<?xml version="1.0" encoding="UTF-8"?>
<coverage generated="1697577968673" clover="3.2.0">
  <project timestamp="1697577968673" name="All files">
    <metrics statements="50" coveredstatements="48" conditionals="19" coveredconditionals="17" methods="15" coveredmethods="13" elements="84" coveredelements="78" complexity="0" loc="50" ncloc="50" packages="1" files="1" classes="1"/>
    <file name="playground-monitor.mjs" path="/Users/zane/.liq/playground/liquid-labs/playground-monitor/src/playground-monitor.mjs">
      <metrics statements="50" coveredstatements="48" conditionals="19" coveredconditionals="17" methods="15" coveredmethods="13"/>
      <line num="1" count="1" type="stmt"/>
      <line num="2" count="1" type="stmt"/>
      <line num="3" count="1" type="stmt"/>
      <line num="5" count="1" type="stmt"/>
      <line num="7" count="163" type="cond" truecount="6" falsecount="0"/>
      <line num="9" count="52" type="cond" truecount="2" falsecount="0"/>
      <line num="11" count="1" type="stmt"/>
      <line num="13" count="52" type="stmt"/>
      <line num="14" count="52" type="stmt"/>
      <line num="17" count="1" type="stmt"/>
      <line num="18" count="20" type="stmt"/>
      <line num="24" count="5" type="cond" truecount="1" falsecount="1"/>
      <line num="25" count="5" type="stmt"/>
      <line num="26" count="5" type="stmt"/>
      <line num="30" count="5" type="cond" truecount="3" falsecount="1"/>
      <line num="34" count="2" type="stmt"/>
      <line num="38" count="7" type="stmt"/>
      <line num="42" count="0" type="stmt"/>
      <line num="46" count="6" type="cond" truecount="1" falsecount="0"/>
      <line num="47" count="1" type="stmt"/>
      <line num="50" count="6" type="stmt"/>
      <line num="57" count="6" type="stmt"/>
      <line num="59" count="6" type="stmt"/>
      <line num="60" count="23" type="cond" truecount="1" falsecount="0"/>
      <line num="61" count="23" type="stmt"/>
      <line num="62" count="23" type="stmt"/>
      <line num="63" count="23" type="stmt"/>
      <line num="65" count="23" type="stmt"/>
      <line num="66" count="23" type="stmt"/>
      <line num="72" count="0" type="stmt"/>
      <line num="76" count="6" type="stmt"/>
      <line num="77" count="20" type="stmt"/>
      <line num="78" count="20" type="stmt"/>
      <line num="81" count="6" type="stmt"/>
      <line num="83" count="6" type="stmt"/>
      <line num="84" count="6" type="stmt"/>
      <line num="86" count="6" type="stmt"/>
      <line num="91" count="2" type="cond" truecount="1" falsecount="0"/>
      <line num="92" count="2" type="stmt"/>
      <line num="93" count="2" type="stmt"/>
      <line num="94" count="2" type="stmt"/>
      <line num="95" count="4" type="cond" truecount="1" falsecount="0"/>
      <line num="96" count="2" type="stmt"/>
      <line num="97" count="2" type="stmt"/>
      <line num="103" count="1" type="stmt"/>
      <line num="104" count="1" type="stmt"/>
      <line num="105" count="3" type="cond" truecount="1" falsecount="0"/>
      <line num="106" count="1" type="stmt"/>
      <line num="108" count="3" type="stmt"/>
      <line num="113" count="6" type="stmt"/>
    </file>
  </project>
</coverage>
