<?xml version="1.0" encoding="UTF-8"?>
<coverage generated="1701009844996" clover="3.2.0">
  <project timestamp="1701009844996" name="All files">
    <metrics statements="31" coveredstatements="31" conditionals="11" coveredconditionals="11" methods="8" coveredmethods="8" elements="50" coveredelements="50" complexity="0" loc="31" ncloc="31" packages="1" files="1" classes="1"/>
    <file name="playground-monitor.mjs" path="/Users/zane/playground/liquid-labs/playground-monitor/src/playground-monitor.mjs">
      <metrics statements="31" coveredstatements="31" conditionals="11" coveredconditionals="11" methods="8" coveredmethods="8"/>
      <line num="1" count="1" type="stmt"/>
      <line num="2" count="1" type="stmt"/>
      <line num="3" count="1" type="stmt"/>
      <line num="5" count="163" type="cond" truecount="6" falsecount="0"/>
      <line num="7" count="1" type="stmt"/>
      <line num="11" count="30" type="cond" truecount="2" falsecount="0"/>
      <line num="12" count="6" type="stmt"/>
      <line num="16" count="2" type="stmt"/>
      <line num="18" count="2" type="stmt"/>
      <line num="22" count="8" type="stmt"/>
      <line num="24" count="8" type="stmt"/>
      <line num="28" count="31" type="stmt"/>
      <line num="35" count="31" type="stmt"/>
      <line num="36" count="31" type="stmt"/>
      <line num="37" count="55" type="stmt"/>
      <line num="38" count="55" type="cond" truecount="2" falsecount="0"/>
      <line num="39" count="33" type="stmt"/>
      <line num="42" count="22" type="stmt"/>
      <line num="46" count="31" type="stmt"/>
      <line num="50" count="34" type="stmt"/>
      <line num="52" count="34" type="stmt"/>
      <line num="54" count="34" type="stmt"/>
      <line num="55" count="34" type="stmt"/>
      <line num="59" count="34" type="stmt"/>
      <line num="61" count="34" type="stmt"/>
      <line num="65" count="10" type="stmt"/>
      <line num="67" count="10" type="stmt"/>
      <line num="68" count="10" type="cond" truecount="1" falsecount="0"/>
      <line num="69" count="1" type="stmt"/>
      <line num="71" count="1" type="stmt"/>
      <line num="74" count="9" type="stmt"/>
    </file>
  </project>
</coverage>
