{"/Users/zane/playground/liquid-labs/playground-monitor/src/playground-monitor.mjs": {"path":"/Users/zane/playground/liquid-labs/playground-monitor/src/playground-monitor.mjs","statementMap":{"0":{"start":{"line":1,"column":0},"end":{"line":1,"column":null}},"1":{"start":{"line":2,"column":0},"end":{"line":2,"column":null}},"2":{"start":{"line":3,"column":0},"end":{"line":3,"column":null}},"3":{"start":{"line":5,"column":0},"end":{"line":5,"column":32}},"4":{"start":{"line":5,"column":32},"end":{"line":5,"column":null}},"5":{"start":{"line":7,"column":23},"end":{"line":76,"column":null}},"6":{"start":{"line":11,"column":20},"end":{"line":11,"column":29}},"7":{"start":{"line":11,"column":116},"end":{"line":11,"column":null}},"8":{"start":{"line":12,"column":4},"end":{"line":12,"column":null}},"9":{"start":{"line":16,"column":4},"end":{"line":16,"column":null}},"10":{"start":{"line":18,"column":4},"end":{"line":18,"column":null}},"11":{"start":{"line":22,"column":4},"end":{"line":22,"column":null}},"12":{"start":{"line":24,"column":4},"end":{"line":24,"column":null}},"13":{"start":{"line":28,"column":20},"end":{"line":33,"column":6}},"14":{"start":{"line":35,"column":16},"end":{"line":35,"column":18}},"15":{"start":{"line":36,"column":4},"end":{"line":44,"column":null}},"16":{"start":{"line":37,"column":26},"end":{"line":37,"column":61}},"17":{"start":{"line":38,"column":6},"end":{"line":43,"column":null}},"18":{"start":{"line":39,"column":8},"end":{"line":39,"column":null}},"19":{"start":{"line":42,"column":8},"end":{"line":42,"column":null}},"20":{"start":{"line":46,"column":4},"end":{"line":46,"column":null}},"21":{"start":{"line":50,"column":28},"end":{"line":50,"column":81}},"22":{"start":{"line":52,"column":24},"end":{"line":52,"column":51}},"23":{"start":{"line":54,"column":21},"end":{"line":54,"column":32}},"24":{"start":{"line":55,"column":17},"end":{"line":58,"column":5}},"25":{"start":{"line":59,"column":4},"end":{"line":59,"column":null}},"26":{"start":{"line":61,"column":4},"end":{"line":61,"column":null}},"27":{"start":{"line":65,"column":4},"end":{"line":65,"column":null}},"28":{"start":{"line":67,"column":20},"end":{"line":67,"column":59}},"29":{"start":{"line":68,"column":4},"end":{"line":72,"column":null}},"30":{"start":{"line":69,"column":6},"end":{"line":69,"column":null}},"31":{"start":{"line":71,"column":6},"end":{"line":71,"column":null}},"32":{"start":{"line":74,"column":4},"end":{"line":74,"column":null}}},"fnMap":{"0":{"name":"_getRequireWildcardCache","decl":{"start":{"line":5,"column":32},"end":{"line":5,"column":null}},"loc":{"start":{"line":5,"column":32},"end":{"line":5,"column":null}}},"1":{"name":"(anonymous_3)","decl":{"start":{"line":11,"column":2},"end":{"line":11,"column":13}},"loc":{"start":{"line":11,"column":116},"end":{"line":13,"column":null}}},"2":{"name":"(anonymous_4)","decl":{"start":{"line":11,"column":20},"end":{"line":11,"column":29}},"loc":{"start":{"line":11,"column":20},"end":{"line":11,"column":29}}},"3":{"name":"(anonymous_5)","decl":{"start":{"line":15,"column":2},"end":{"line":15,"column":8}},"loc":{"start":{"line":15,"column":31},"end":{"line":19,"column":null}}},"4":{"name":"(anonymous_6)","decl":{"start":{"line":21,"column":2},"end":{"line":21,"column":8}},"loc":{"start":{"line":21,"column":36},"end":{"line":25,"column":null}}},"5":{"name":"_loadContainer2","decl":{"start":{"line":76,"column":1},"end":{"line":76,"column":null}},"loc":{"start":{"line":27,"column":38},"end":{"line":47,"column":3}}},"6":{"name":"_loadPackage2","decl":{"start":{"line":47,"column":3},"end":{"line":47,"column":null}},"loc":{"start":{"line":49,"column":34},"end":{"line":62,"column":3}}},"7":{"name":"_refreshProjects2","decl":{"start":{"line":62,"column":3},"end":{"line":62,"column":null}},"loc":{"start":{"line":64,"column":27},"end":{"line":75,"column":null}}}},"branchMap":{"0":{"loc":{"start":{"line":5,"column":32},"end":{"line":5,"column":null}},"type":"if","locations":[{"start":{"line":5,"column":32},"end":{"line":5,"column":null}}]},"1":{"loc":{"start":{"line":5,"column":32},"end":{"line":5,"column":null}},"type":"cond-expr","locations":[{"start":{"line":5,"column":32},"end":{"line":5,"column":null}},{"start":{"line":5,"column":32},"end":{"line":5,"column":null}}]},"2":{"loc":{"start":{"line":5,"column":32},"end":{"line":5,"column":null}},"type":"binary-expr","locations":[{"start":{"line":5,"column":32},"end":{"line":5,"column":null}},{"start":{"line":5,"column":32},"end":{"line":5,"column":null}},{"start":{"line":5,"column":32},"end":{"line":5,"column":null}}]},"3":{"loc":{"start":{"line":11,"column":14},"end":{"line":11,"column":114}},"type":"default-arg","locations":[{"start":{"line":11,"column":112},"end":{"line":11,"column":114}}]},"4":{"loc":{"start":{"line":11,"column":16},"end":{"line":11,"column":108}},"type":"default-arg","locations":[{"start":{"line":11,"column":20},"end":{"line":11,"column":108}}]},"5":{"loc":{"start":{"line":38,"column":6},"end":{"line":43,"column":null}},"type":"if","locations":[{"start":{"line":38,"column":6},"end":{"line":43,"column":null}},{"start":{"line":41,"column":11},"end":{"line":43,"column":null}}]},"6":{"loc":{"start":{"line":68,"column":4},"end":{"line":72,"column":null}},"type":"if","locations":[{"start":{"line":68,"column":4},"end":{"line":72,"column":null}}]}},"s":{"0":1,"1":1,"2":1,"3":1,"4":163,"5":1,"6":1,"7":30,"8":6,"9":2,"10":2,"11":8,"12":8,"13":31,"14":31,"15":31,"16":55,"17":55,"18":33,"19":22,"20":31,"21":34,"22":34,"23":34,"24":34,"25":34,"26":34,"27":10,"28":10,"29":10,"30":1,"31":1,"32":9},"f":{"0":5,"1":6,"2":1,"3":2,"4":8,"5":31,"6":34,"7":10},"b":{"0":[47],"1":[100,102],"2":[51,51,49],"3":[1],"4":[1],"5":[33,22],"6":[1]}}
}
