{"/Users/zane/playground/liquid-labs/playground-monitor/src/playground-monitor.mjs": {"path":"/Users/zane/playground/liquid-labs/playground-monitor/src/playground-monitor.mjs","statementMap":{"0":{"start":{"line":1,"column":0},"end":{"line":1,"column":null}},"1":{"start":{"line":2,"column":0},"end":{"line":2,"column":null}},"2":{"start":{"line":3,"column":0},"end":{"line":3,"column":null}},"3":{"start":{"line":5,"column":0},"end":{"line":5,"column":32}},"4":{"start":{"line":5,"column":32},"end":{"line":5,"column":null}},"5":{"start":{"line":7,"column":23},"end":{"line":92,"column":null}},"6":{"start":{"line":11,"column":20},"end":{"line":11,"column":29}},"7":{"start":{"line":11,"column":116},"end":{"line":11,"column":null}},"8":{"start":{"line":12,"column":4},"end":{"line":12,"column":null}},"9":{"start":{"line":16,"column":4},"end":{"line":16,"column":null}},"10":{"start":{"line":18,"column":4},"end":{"line":18,"column":null}},"11":{"start":{"line":22,"column":4},"end":{"line":22,"column":null}},"12":{"start":{"line":24,"column":4},"end":{"line":24,"column":null}},"13":{"start":{"line":28,"column":4},"end":{"line":28,"column":null}},"14":{"start":{"line":30,"column":4},"end":{"line":30,"column":null}},"15":{"start":{"line":34,"column":20},"end":{"line":39,"column":6}},"16":{"start":{"line":41,"column":16},"end":{"line":41,"column":18}},"17":{"start":{"line":42,"column":4},"end":{"line":50,"column":null}},"18":{"start":{"line":43,"column":26},"end":{"line":43,"column":61}},"19":{"start":{"line":44,"column":6},"end":{"line":49,"column":null}},"20":{"start":{"line":45,"column":8},"end":{"line":45,"column":null}},"21":{"start":{"line":48,"column":8},"end":{"line":48,"column":null}},"22":{"start":{"line":52,"column":4},"end":{"line":52,"column":null}},"23":{"start":{"line":56,"column":28},"end":{"line":56,"column":81}},"24":{"start":{"line":58,"column":4},"end":{"line":77,"column":null}},"25":{"start":{"line":59,"column":26},"end":{"line":59,"column":53}},"26":{"start":{"line":61,"column":23},"end":{"line":61,"column":34}},"27":{"start":{"line":62,"column":19},"end":{"line":65,"column":7}},"28":{"start":{"line":66,"column":6},"end":{"line":66,"column":null}},"29":{"start":{"line":68,"column":6},"end":{"line":68,"column":null}},"30":{"start":{"line":71,"column":6},"end":{"line":74,"column":null}},"31":{"start":{"line":73,"column":8},"end":{"line":73,"column":null}},"32":{"start":{"line":76,"column":6},"end":{"line":76,"column":null}},"33":{"start":{"line":81,"column":4},"end":{"line":81,"column":null}},"34":{"start":{"line":83,"column":20},"end":{"line":83,"column":59}},"35":{"start":{"line":84,"column":4},"end":{"line":88,"column":null}},"36":{"start":{"line":85,"column":6},"end":{"line":85,"column":null}},"37":{"start":{"line":87,"column":6},"end":{"line":87,"column":null}},"38":{"start":{"line":90,"column":4},"end":{"line":90,"column":null}}},"fnMap":{"0":{"name":"_getRequireWildcardCache","decl":{"start":{"line":5,"column":32},"end":{"line":5,"column":null}},"loc":{"start":{"line":5,"column":32},"end":{"line":5,"column":null}}},"1":{"name":"(anonymous_3)","decl":{"start":{"line":11,"column":2},"end":{"line":11,"column":13}},"loc":{"start":{"line":11,"column":116},"end":{"line":13,"column":null}}},"2":{"name":"(anonymous_4)","decl":{"start":{"line":11,"column":20},"end":{"line":11,"column":29}},"loc":{"start":{"line":11,"column":20},"end":{"line":11,"column":29}}},"3":{"name":"(anonymous_5)","decl":{"start":{"line":15,"column":2},"end":{"line":15,"column":8}},"loc":{"start":{"line":15,"column":31},"end":{"line":19,"column":null}}},"4":{"name":"(anonymous_6)","decl":{"start":{"line":21,"column":2},"end":{"line":21,"column":8}},"loc":{"start":{"line":21,"column":36},"end":{"line":25,"column":null}}},"5":{"name":"(anonymous_7)","decl":{"start":{"line":27,"column":2},"end":{"line":27,"column":8}},"loc":{"start":{"line":27,"column":26},"end":{"line":31,"column":null}}},"6":{"name":"_loadContainer2","decl":{"start":{"line":92,"column":1},"end":{"line":92,"column":null}},"loc":{"start":{"line":33,"column":38},"end":{"line":53,"column":3}}},"7":{"name":"_loadPackage2","decl":{"start":{"line":53,"column":3},"end":{"line":53,"column":null}},"loc":{"start":{"line":55,"column":34},"end":{"line":78,"column":3}}},"8":{"name":"_refreshProjects2","decl":{"start":{"line":78,"column":3},"end":{"line":78,"column":null}},"loc":{"start":{"line":80,"column":27},"end":{"line":91,"column":null}}}},"branchMap":{"0":{"loc":{"start":{"line":5,"column":32},"end":{"line":5,"column":null}},"type":"if","locations":[{"start":{"line":5,"column":32},"end":{"line":5,"column":null}}]},"1":{"loc":{"start":{"line":5,"column":32},"end":{"line":5,"column":null}},"type":"cond-expr","locations":[{"start":{"line":5,"column":32},"end":{"line":5,"column":null}},{"start":{"line":5,"column":32},"end":{"line":5,"column":null}}]},"2":{"loc":{"start":{"line":5,"column":32},"end":{"line":5,"column":null}},"type":"binary-expr","locations":[{"start":{"line":5,"column":32},"end":{"line":5,"column":null}},{"start":{"line":5,"column":32},"end":{"line":5,"column":null}},{"start":{"line":5,"column":32},"end":{"line":5,"column":null}}]},"3":{"loc":{"start":{"line":11,"column":14},"end":{"line":11,"column":114}},"type":"default-arg","locations":[{"start":{"line":11,"column":112},"end":{"line":11,"column":114}}]},"4":{"loc":{"start":{"line":11,"column":16},"end":{"line":11,"column":108}},"type":"default-arg","locations":[{"start":{"line":11,"column":20},"end":{"line":11,"column":108}}]},"5":{"loc":{"start":{"line":44,"column":6},"end":{"line":49,"column":null}},"type":"if","locations":[{"start":{"line":44,"column":6},"end":{"line":49,"column":null}},{"start":{"line":47,"column":11},"end":{"line":49,"column":null}}]},"6":{"loc":{"start":{"line":71,"column":6},"end":{"line":74,"column":null}},"type":"if","locations":[{"start":{"line":71,"column":6},"end":{"line":74,"column":null}}]},"7":{"loc":{"start":{"line":84,"column":4},"end":{"line":88,"column":null}},"type":"if","locations":[{"start":{"line":84,"column":4},"end":{"line":88,"column":null}}]}},"s":{"0":1,"1":1,"2":1,"3":1,"4":163,"5":1,"6":1,"7":35,"8":7,"9":2,"10":2,"11":8,"12":8,"13":1,"14":1,"15":33,"16":33,"17":33,"18":59,"19":59,"20":36,"21":23,"22":33,"23":37,"24":37,"25":37,"26":37,"27":37,"28":37,"29":37,"30":0,"31":0,"32":0,"33":11,"34":11,"35":11,"36":1,"37":1,"38":10},"f":{"0":5,"1":7,"2":1,"3":2,"4":8,"5":1,"6":33,"7":37,"8":11},"b":{"0":[47],"1":[100,102],"2":[51,51,49],"3":[1],"4":[1],"5":[36,23],"6":[0],"7":[1]}}
}
